{"/home/tim/cappa/apps/server/src/screenshots.ts": {"path":"/home/tim/cappa/apps/server/src/screenshots.ts","all":false,"statementMap":{"0":{"start":{"line":1,"column":0},"end":{"line":1,"column":25}},"1":{"start":{"line":2,"column":0},"end":{"line":2,"column":29}},"4":{"start":{"line":5,"column":0},"end":{"line":5,"column":29}},"15":{"start":{"line":16,"column":0},"end":{"line":16,"column":73}},"17":{"start":{"line":18,"column":0},"end":{"line":18,"column":39}},"18":{"start":{"line":19,"column":0},"end":{"line":19,"column":51}},"23":{"start":{"line":24,"column":0},"end":{"line":24,"column":42}},"26":{"start":{"line":27,"column":0},"end":{"line":27,"column":19}},"27":{"start":{"line":28,"column":0},"end":{"line":28,"column":39}},"28":{"start":{"line":29,"column":0},"end":{"line":29,"column":57}},"29":{"start":{"line":30,"column":0},"end":{"line":30,"column":8}},"30":{"start":{"line":31,"column":0},"end":{"line":31,"column":5}},"33":{"start":{"line":34,"column":0},"end":{"line":34,"column":17}},"34":{"start":{"line":35,"column":0},"end":{"line":35,"column":46}},"35":{"start":{"line":36,"column":0},"end":{"line":36,"column":54}},"36":{"start":{"line":37,"column":0},"end":{"line":37,"column":59}},"37":{"start":{"line":38,"column":0},"end":{"line":38,"column":8}},"38":{"start":{"line":39,"column":0},"end":{"line":39,"column":5}},"40":{"start":{"line":41,"column":0},"end":{"line":41,"column":23}},"41":{"start":{"line":42,"column":0},"end":{"line":42,"column":5}},"44":{"start":{"line":45,"column":0},"end":{"line":45,"column":49}},"45":{"start":{"line":46,"column":0},"end":{"line":46,"column":52}},"46":{"start":{"line":47,"column":0},"end":{"line":47,"column":44}},"47":{"start":{"line":48,"column":0},"end":{"line":48,"column":80}},"49":{"start":{"line":50,"column":0},"end":{"line":50,"column":22}},"50":{"start":{"line":51,"column":0},"end":{"line":51,"column":62}},"51":{"start":{"line":52,"column":0},"end":{"line":52,"column":13}},"52":{"start":{"line":53,"column":0},"end":{"line":53,"column":5}},"54":{"start":{"line":55,"column":0},"end":{"line":55,"column":22}},"55":{"start":{"line":56,"column":0},"end":{"line":56,"column":5}},"58":{"start":{"line":59,"column":0},"end":{"line":59,"column":51}},"59":{"start":{"line":60,"column":0},"end":{"line":60,"column":52}},"60":{"start":{"line":61,"column":0},"end":{"line":61,"column":50}},"61":{"start":{"line":62,"column":0},"end":{"line":62,"column":44}},"63":{"start":{"line":64,"column":0},"end":{"line":64,"column":48}},"64":{"start":{"line":65,"column":0},"end":{"line":65,"column":45}},"65":{"start":{"line":66,"column":0},"end":{"line":66,"column":6}},"67":{"start":{"line":68,"column":0},"end":{"line":68,"column":30}},"68":{"start":{"line":69,"column":0},"end":{"line":69,"column":62}},"69":{"start":{"line":70,"column":0},"end":{"line":70,"column":13}},"70":{"start":{"line":71,"column":0},"end":{"line":71,"column":5}},"72":{"start":{"line":73,"column":0},"end":{"line":73,"column":33}},"73":{"start":{"line":74,"column":0},"end":{"line":74,"column":15}},"74":{"start":{"line":75,"column":0},"end":{"line":75,"column":58}},"75":{"start":{"line":76,"column":0},"end":{"line":76,"column":8}},"76":{"start":{"line":77,"column":0},"end":{"line":77,"column":29}},"78":{"start":{"line":79,"column":0},"end":{"line":79,"column":36}},"79":{"start":{"line":80,"column":0},"end":{"line":80,"column":11}},"80":{"start":{"line":81,"column":0},"end":{"line":81,"column":18}},"81":{"start":{"line":82,"column":0},"end":{"line":82,"column":68}},"82":{"start":{"line":83,"column":0},"end":{"line":83,"column":13}},"83":{"start":{"line":84,"column":0},"end":{"line":84,"column":5}},"85":{"start":{"line":86,"column":0},"end":{"line":86,"column":31}},"86":{"start":{"line":87,"column":0},"end":{"line":87,"column":28}},"87":{"start":{"line":88,"column":0},"end":{"line":88,"column":34}},"88":{"start":{"line":89,"column":0},"end":{"line":89,"column":6}},"91":{"start":{"line":92,"column":0},"end":{"line":92,"column":48}},"92":{"start":{"line":93,"column":0},"end":{"line":93,"column":62}},"93":{"start":{"line":94,"column":0},"end":{"line":94,"column":6}},"95":{"start":{"line":96,"column":0},"end":{"line":96,"column":40}},"97":{"start":{"line":98,"column":0},"end":{"line":98,"column":37}},"98":{"start":{"line":99,"column":0},"end":{"line":99,"column":31}},"99":{"start":{"line":100,"column":0},"end":{"line":100,"column":58}},"100":{"start":{"line":101,"column":0},"end":{"line":101,"column":8}},"101":{"start":{"line":102,"column":0},"end":{"line":102,"column":32}},"102":{"start":{"line":103,"column":0},"end":{"line":103,"column":27}},"103":{"start":{"line":104,"column":0},"end":{"line":104,"column":26}},"104":{"start":{"line":105,"column":0},"end":{"line":105,"column":11}},"105":{"start":{"line":106,"column":0},"end":{"line":106,"column":7}},"107":{"start":{"line":108,"column":0},"end":{"line":108,"column":22}},"108":{"start":{"line":109,"column":0},"end":{"line":109,"column":60}},"109":{"start":{"line":110,"column":0},"end":{"line":110,"column":62}},"110":{"start":{"line":111,"column":0},"end":{"line":111,"column":8}},"111":{"start":{"line":112,"column":0},"end":{"line":112,"column":5}},"113":{"start":{"line":114,"column":0},"end":{"line":114,"column":44}},"114":{"start":{"line":115,"column":0},"end":{"line":115,"column":5}},"115":{"start":{"line":116,"column":0},"end":{"line":116,"column":2}}},"s":{"0":1,"1":1,"4":1,"15":1,"17":11,"18":3,"23":3,"26":3,"27":1,"28":1,"29":1,"30":1,"33":3,"34":1,"35":1,"36":4,"37":1,"38":1,"40":3,"41":11,"44":11,"45":2,"46":2,"47":2,"49":2,"50":1,"51":1,"52":1,"54":1,"55":11,"58":11,"59":5,"60":5,"61":5,"63":5,"64":5,"65":5,"67":5,"68":1,"69":1,"70":1,"72":4,"73":4,"74":4,"75":4,"76":4,"78":5,"79":1,"80":1,"81":1,"82":1,"83":1,"85":3,"86":3,"87":3,"88":3,"91":3,"92":4,"93":3,"95":3,"97":3,"98":3,"99":3,"100":3,"101":3,"102":2,"103":2,"104":2,"105":2,"107":3,"108":3,"109":3,"110":3,"111":3,"113":3,"114":11,"115":11},"branchMap":{"0":{"type":"branch","line":16,"loc":{"start":{"line":16,"column":53},"end":{"line":116,"column":2}},"locations":[{"start":{"line":16,"column":53},"end":{"line":116,"column":2}}]},"1":{"type":"branch","line":18,"loc":{"start":{"line":18,"column":19},"end":{"line":42,"column":3}},"locations":[{"start":{"line":18,"column":19},"end":{"line":42,"column":3}}]},"2":{"type":"branch","line":27,"loc":{"start":{"line":27,"column":18},"end":{"line":31,"column":5}},"locations":[{"start":{"line":27,"column":18},"end":{"line":31,"column":5}}]},"3":{"type":"branch","line":34,"loc":{"start":{"line":34,"column":16},"end":{"line":39,"column":5}},"locations":[{"start":{"line":34,"column":16},"end":{"line":39,"column":5}}]},"4":{"type":"branch","line":29,"loc":{"start":{"line":29,"column":8},"end":{"line":29,"column":57}},"locations":[{"start":{"line":29,"column":8},"end":{"line":29,"column":57}}]},"5":{"type":"branch","line":36,"loc":{"start":{"line":36,"column":39},"end":{"line":37,"column":59}},"locations":[{"start":{"line":36,"column":39},"end":{"line":37,"column":59}}]},"6":{"type":"branch","line":45,"loc":{"start":{"line":45,"column":22},"end":{"line":56,"column":3}},"locations":[{"start":{"line":45,"column":22},"end":{"line":56,"column":3}}]},"7":{"type":"branch","line":50,"loc":{"start":{"line":50,"column":21},"end":{"line":55,"column":22}},"locations":[{"start":{"line":50,"column":21},"end":{"line":55,"column":22}}]},"8":{"type":"branch","line":48,"loc":{"start":{"line":48,"column":40},"end":{"line":48,"column":78}},"locations":[{"start":{"line":48,"column":40},"end":{"line":48,"column":78}}]},"9":{"type":"branch","line":59,"loc":{"start":{"line":59,"column":24},"end":{"line":115,"column":3}},"locations":[{"start":{"line":59,"column":24},"end":{"line":115,"column":3}}]},"10":{"type":"branch","line":68,"loc":{"start":{"line":68,"column":29},"end":{"line":71,"column":5}},"locations":[{"start":{"line":68,"column":29},"end":{"line":71,"column":5}}]},"11":{"type":"branch","line":71,"loc":{"start":{"line":71,"column":4},"end":{"line":79,"column":35}},"locations":[{"start":{"line":71,"column":4},"end":{"line":79,"column":35}}]},"12":{"type":"branch","line":79,"loc":{"start":{"line":79,"column":35},"end":{"line":84,"column":5}},"locations":[{"start":{"line":79,"column":35},"end":{"line":84,"column":5}}]},"13":{"type":"branch","line":84,"loc":{"start":{"line":84,"column":4},"end":{"line":114,"column":44}},"locations":[{"start":{"line":84,"column":4},"end":{"line":114,"column":44}}]},"14":{"type":"branch","line":102,"loc":{"start":{"line":102,"column":31},"end":{"line":106,"column":7}},"locations":[{"start":{"line":102,"column":31},"end":{"line":106,"column":7}}]},"15":{"type":"branch","line":65,"loc":{"start":{"line":65,"column":6},"end":{"line":65,"column":45}},"locations":[{"start":{"line":65,"column":6},"end":{"line":65,"column":45}}]},"16":{"type":"branch","line":92,"loc":{"start":{"line":92,"column":42},"end":{"line":93,"column":62}},"locations":[{"start":{"line":92,"column":42},"end":{"line":93,"column":62}}]},"17":{"type":"branch","line":93,"loc":{"start":{"line":93,"column":36},"end":{"line":93,"column":60}},"locations":[{"start":{"line":93,"column":36},"end":{"line":93,"column":60}}]},"18":{"type":"branch","line":93,"loc":{"start":{"line":93,"column":40},"end":{"line":93,"column":62}},"locations":[{"start":{"line":93,"column":40},"end":{"line":93,"column":62}}]}},"b":{"0":[11],"1":[3],"2":[1],"3":[1],"4":[4],"5":[4],"6":[2],"7":[1],"8":[2],"9":[5],"10":[1],"11":[4],"12":[1],"13":[3],"14":[2],"15":[5],"16":[4],"17":[3],"18":[1]},"fnMap":{"0":{"name":"screenshotsPlugin","decl":{"start":{"line":16,"column":53},"end":{"line":116,"column":2}},"loc":{"start":{"line":16,"column":53},"end":{"line":116,"column":2}},"line":16}},"f":{"0":11}}
,"/home/tim/cappa/apps/server/src/server.ts": {"path":"/home/tim/cappa/apps/server/src/server.ts","all":false,"statementMap":{"0":{"start":{"line":1,"column":0},"end":{"line":1,"column":25}},"1":{"start":{"line":2,"column":0},"end":{"line":2,"column":29}},"3":{"start":{"line":4,"column":0},"end":{"line":4,"column":44}},"4":{"start":{"line":5,"column":0},"end":{"line":5,"column":30}},"5":{"start":{"line":6,"column":0},"end":{"line":6,"column":50}},"6":{"start":{"line":7,"column":0},"end":{"line":7,"column":52}},"24":{"start":{"line":25,"column":0},"end":{"line":25,"column":62}},"25":{"start":{"line":26,"column":0},"end":{"line":26,"column":55}},"28":{"start":{"line":29,"column":0},"end":{"line":29,"column":59}},"29":{"start":{"line":30,"column":0},"end":{"line":30,"column":44}},"31":{"start":{"line":32,"column":0},"end":{"line":32,"column":53}},"34":{"start":{"line":35,"column":0},"end":{"line":35,"column":66}},"36":{"start":{"line":37,"column":0},"end":{"line":37,"column":38}},"37":{"start":{"line":38,"column":0},"end":{"line":38,"column":33}},"38":{"start":{"line":39,"column":0},"end":{"line":39,"column":41}},"39":{"start":{"line":40,"column":0},"end":{"line":40,"column":36}},"41":{"start":{"line":42,"column":0},"end":{"line":42,"column":27}},"42":{"start":{"line":43,"column":0},"end":{"line":43,"column":27}},"43":{"start":{"line":44,"column":0},"end":{"line":44,"column":7}},"44":{"start":{"line":45,"column":0},"end":{"line":45,"column":3}},"46":{"start":{"line":47,"column":0},"end":{"line":47,"column":61}},"48":{"start":{"line":49,"column":0},"end":{"line":49,"column":18}},"49":{"start":{"line":50,"column":0},"end":{"line":50,"column":73}},"51":{"start":{"line":52,"column":0},"end":{"line":52,"column":33}},"52":{"start":{"line":53,"column":0},"end":{"line":53,"column":33}},"53":{"start":{"line":54,"column":0},"end":{"line":54,"column":18}},"54":{"start":{"line":55,"column":0},"end":{"line":55,"column":7}},"57":{"start":{"line":58,"column":0},"end":{"line":58,"column":44}},"58":{"start":{"line":59,"column":0},"end":{"line":59,"column":45}},"59":{"start":{"line":60,"column":0},"end":{"line":60,"column":53}},"60":{"start":{"line":61,"column":0},"end":{"line":61,"column":15}},"61":{"start":{"line":62,"column":0},"end":{"line":62,"column":7}},"62":{"start":{"line":63,"column":0},"end":{"line":63,"column":35}},"63":{"start":{"line":64,"column":0},"end":{"line":64,"column":7}},"64":{"start":{"line":65,"column":0},"end":{"line":65,"column":3}},"66":{"start":{"line":67,"column":0},"end":{"line":67,"column":13}},"67":{"start":{"line":68,"column":0},"end":{"line":68,"column":1}}},"s":{"0":1,"1":1,"3":1,"4":1,"5":1,"6":1,"24":11,"25":11,"28":11,"29":11,"31":11,"34":11,"36":11,"37":5,"38":5,"39":5,"41":5,"42":5,"43":5,"44":5,"46":11,"48":0,"49":0,"51":0,"52":0,"53":0,"54":0,"57":0,"58":0,"59":0,"60":0,"61":0,"62":0,"63":0,"64":0,"66":11,"67":11},"branchMap":{"0":{"type":"branch","line":25,"loc":{"start":{"line":25,"column":0},"end":{"line":68,"column":1}},"locations":[{"start":{"line":25,"column":0},"end":{"line":68,"column":1}}]},"1":{"type":"branch","line":26,"loc":{"start":{"line":26,"column":37},"end":{"line":26,"column":52}},"locations":[{"start":{"line":26,"column":37},"end":{"line":26,"column":52}}]},"2":{"type":"branch","line":37,"loc":{"start":{"line":37,"column":37},"end":{"line":45,"column":3}},"locations":[{"start":{"line":37,"column":37},"end":{"line":45,"column":3}}]},"3":{"type":"branch","line":47,"loc":{"start":{"line":47,"column":60},"end":{"line":65,"column":3}},"locations":[{"start":{"line":47,"column":60},"end":{"line":65,"column":3}}]},"4":{"type":"branch","line":32,"loc":{"start":{"line":32,"column":25},"end":{"line":32,"column":51}},"locations":[{"start":{"line":32,"column":25},"end":{"line":32,"column":51}}]}},"b":{"0":[11],"1":[0],"2":[5],"3":[0],"4":[1]},"fnMap":{"0":{"name":"createServer","decl":{"start":{"line":25,"column":0},"end":{"line":68,"column":1}},"loc":{"start":{"line":25,"column":0},"end":{"line":68,"column":1}},"line":25}},"f":{"0":11}}
,"/home/tim/cappa/apps/server/src/util.ts": {"path":"/home/tim/cappa/apps/server/src/util.ts","all":false,"statementMap":{"0":{"start":{"line":1,"column":0},"end":{"line":1,"column":29}},"1":{"start":{"line":2,"column":0},"end":{"line":2,"column":41}},"4":{"start":{"line":5,"column":0},"end":{"line":5,"column":30}},"5":{"start":{"line":6,"column":0},"end":{"line":6,"column":54}},"6":{"start":{"line":7,"column":0},"end":{"line":7,"column":2}},"8":{"start":{"line":9,"column":0},"end":{"line":9,"column":54}},"9":{"start":{"line":10,"column":0},"end":{"line":10,"column":43}},"10":{"start":{"line":11,"column":0},"end":{"line":11,"column":2}},"12":{"start":{"line":13,"column":0},"end":{"line":13,"column":57}},"13":{"start":{"line":14,"column":0},"end":{"line":14,"column":68}},"14":{"start":{"line":15,"column":0},"end":{"line":15,"column":35}},"15":{"start":{"line":16,"column":0},"end":{"line":16,"column":61}},"16":{"start":{"line":17,"column":0},"end":{"line":17,"column":35}},"17":{"start":{"line":18,"column":0},"end":{"line":18,"column":2}},"19":{"start":{"line":20,"column":0},"end":{"line":20,"column":65}},"20":{"start":{"line":21,"column":0},"end":{"line":21,"column":42}},"21":{"start":{"line":22,"column":0},"end":{"line":22,"column":12}},"22":{"start":{"line":23,"column":0},"end":{"line":23,"column":20}},"23":{"start":{"line":24,"column":0},"end":{"line":24,"column":39}},"24":{"start":{"line":25,"column":0},"end":{"line":25,"column":56}},"25":{"start":{"line":26,"column":0},"end":{"line":26,"column":20}},"26":{"start":{"line":27,"column":0},"end":{"line":27,"column":43}},"27":{"start":{"line":28,"column":0},"end":{"line":28,"column":58}},"28":{"start":{"line":29,"column":0},"end":{"line":29,"column":20}},"29":{"start":{"line":30,"column":0},"end":{"line":30,"column":35}},"30":{"start":{"line":31,"column":0},"end":{"line":31,"column":54}},"31":{"start":{"line":32,"column":0},"end":{"line":32,"column":20}},"32":{"start":{"line":33,"column":0},"end":{"line":33,"column":6}},"33":{"start":{"line":34,"column":0},"end":{"line":34,"column":5}},"34":{"start":{"line":35,"column":0},"end":{"line":35,"column":2}},"36":{"start":{"line":37,"column":0},"end":{"line":37,"column":76}},"37":{"start":{"line":38,"column":0},"end":{"line":38,"column":49}},"38":{"start":{"line":39,"column":0},"end":{"line":39,"column":12}},"39":{"start":{"line":40,"column":0},"end":{"line":40,"column":20}},"40":{"start":{"line":41,"column":0},"end":{"line":41,"column":39}},"41":{"start":{"line":42,"column":0},"end":{"line":42,"column":39}},"42":{"start":{"line":43,"column":0},"end":{"line":43,"column":6}},"43":{"start":{"line":44,"column":0},"end":{"line":44,"column":5}},"44":{"start":{"line":45,"column":0},"end":{"line":45,"column":2}}},"s":{"0":1,"1":1,"4":1,"5":0,"6":0,"8":1,"9":0,"10":0,"12":1,"13":11,"14":11,"15":11,"16":11,"17":11,"19":1,"20":11,"21":23,"22":23,"23":23,"24":0,"25":23,"26":23,"27":0,"28":23,"29":23,"30":0,"31":23,"32":23,"33":11,"34":11,"36":1,"37":11,"38":23,"39":23,"40":23,"41":23,"42":23,"43":11,"44":11},"branchMap":{"0":{"type":"branch","line":13,"loc":{"start":{"line":13,"column":25},"end":{"line":18,"column":2}},"locations":[{"start":{"line":13,"column":25},"end":{"line":18,"column":2}}]},"1":{"type":"branch","line":20,"loc":{"start":{"line":20,"column":33},"end":{"line":35,"column":2}},"locations":[{"start":{"line":20,"column":33},"end":{"line":35,"column":2}}]},"2":{"type":"branch","line":21,"loc":{"start":{"line":21,"column":25},"end":{"line":34,"column":3}},"locations":[{"start":{"line":21,"column":25},"end":{"line":34,"column":3}}]},"3":{"type":"branch","line":24,"loc":{"start":{"line":24,"column":29},"end":{"line":25,"column":56}},"locations":[{"start":{"line":24,"column":29},"end":{"line":25,"column":56}}]},"4":{"type":"branch","line":27,"loc":{"start":{"line":27,"column":31},"end":{"line":28,"column":58}},"locations":[{"start":{"line":27,"column":31},"end":{"line":28,"column":58}}]},"5":{"type":"branch","line":30,"loc":{"start":{"line":30,"column":27},"end":{"line":31,"column":54}},"locations":[{"start":{"line":30,"column":27},"end":{"line":31,"column":54}}]},"6":{"type":"branch","line":37,"loc":{"start":{"line":37,"column":44},"end":{"line":45,"column":2}},"locations":[{"start":{"line":37,"column":44},"end":{"line":45,"column":2}}]},"7":{"type":"branch","line":38,"loc":{"start":{"line":38,"column":25},"end":{"line":44,"column":3}},"locations":[{"start":{"line":38,"column":25},"end":{"line":44,"column":3}}]},"8":{"type":"branch","line":41,"loc":{"start":{"line":41,"column":33},"end":{"line":41,"column":39}},"locations":[{"start":{"line":41,"column":33},"end":{"line":41,"column":39}}]},"9":{"type":"branch","line":42,"loc":{"start":{"line":42,"column":33},"end":{"line":42,"column":39}},"locations":[{"start":{"line":42,"column":33},"end":{"line":42,"column":39}}]}},"b":{"0":[11],"1":[11],"2":[23],"3":[0],"4":[0],"5":[0],"6":[11],"7":[23],"8":[13],"9":[13]},"fnMap":{"0":{"name":"hereDir","decl":{"start":{"line":5,"column":23},"end":{"line":7,"column":2}},"loc":{"start":{"line":5,"column":23},"end":{"line":7,"column":2}},"line":5},"1":{"name":"resolveFromHere","decl":{"start":{"line":9,"column":31},"end":{"line":11,"column":2}},"loc":{"start":{"line":9,"column":31},"end":{"line":11,"column":2}},"line":9},"2":{"name":"transform","decl":{"start":{"line":13,"column":25},"end":{"line":18,"column":2}},"loc":{"start":{"line":13,"column":25},"end":{"line":18,"column":2}},"line":13},"3":{"name":"transformScreenshotPaths","decl":{"start":{"line":20,"column":33},"end":{"line":35,"column":2}},"loc":{"start":{"line":20,"column":33},"end":{"line":35,"column":2}},"line":20},"4":{"name":"transformScreenshotsWithNextAndPrev","decl":{"start":{"line":37,"column":44},"end":{"line":45,"column":2}},"loc":{"start":{"line":37,"column":44},"end":{"line":45,"column":2}},"line":37}},"f":{"0":0,"1":0,"2":11,"3":11,"4":11}}
}
